====================================================================================================
TEST FAILURE TRACEBACK REPORT
Generated: 2025-07-16 23:56:42
Test File: test_phase8_analysis.py
====================================================================================================

ADDITIONAL TEST INFORMATION:
--------------------------------------------------
test_type: Analysis Endpoints Test
server_url: http://localhost:8000
total_requests: 9
success_rate: 88.9%
total_test_time: 318.15s


TOTAL FAILED TESTS: 1
====================================================================================================

FAILED TEST #1
============================================================
Test ID: ANALYSIS_08
Endpoint: /analyze
Description: Very long prompt
Error Type: Exception
Timestamp: 2025-07-16T23:56:41.932289

Response Time: 180.00s

ERROR MESSAGE:
------------------------------
Unknown client error


TEST SUMMARY:
========================================
Total Requests: 9
Successful Requests: 8
Failed Requests: 1
Success Rate: 88.88888888888889%
Average Response Time: 17.239691883325577s
Total Test Time: 318.148704s

====================================================================================================
End of traceback report for test_phase8_analysis.py
Generated: 2025-07-16 23:56:42
====================================================================================================